{"/Users/dongxiaohuang/Documents/spring/Software Practice/group projects/test/test.js":{"path":"/Users/dongxiaohuang/Documents/spring/Software Practice/group projects/test/test.js","s":{"1":1,"2":1,"3":1,"4":1,"5":1,"6":1,"7":1,"8":1,"9":1,"10":1,"11":1,"12":1,"13":1},"b":{},"f":{"1":1,"2":1,"3":1,"4":1,"5":1,"6":1},"fnMap":{"1":{"name":"(anonymous_1)","line":11,"loc":{"start":{"line":11,"column":26},"end":{"line":11,"column":36}}},"2":{"name":"(anonymous_2)","line":12,"loc":{"start":{"line":12,"column":23},"end":{"line":12,"column":33}}},"3":{"name":"(anonymous_3)","line":13,"loc":{"start":{"line":13,"column":41},"end":{"line":13,"column":51}}},"4":{"name":"(anonymous_4)","line":17,"loc":{"start":{"line":17,"column":56},"end":{"line":17,"column":66}}},"5":{"name":"(anonymous_5)","line":20,"loc":{"start":{"line":20,"column":60},"end":{"line":20,"column":70}}},"6":{"name":"(anonymous_6)","line":23,"loc":{"start":{"line":23,"column":80},"end":{"line":23,"column":90}}}},"statementMap":{"1":{"start":{"line":1,"column":0},"end":{"line":1,"column":31}},"2":{"start":{"line":2,"column":0},"end":{"line":2,"column":29}},"3":{"start":{"line":11,"column":0},"end":{"line":27,"column":3}},"4":{"start":{"line":12,"column":2},"end":{"line":26,"column":5}},"5":{"start":{"line":13,"column":4},"end":{"line":16,"column":7}},"6":{"start":{"line":14,"column":6},"end":{"line":14,"column":39}},"7":{"start":{"line":15,"column":6},"end":{"line":15,"column":51}},"8":{"start":{"line":17,"column":4},"end":{"line":19,"column":7}},"9":{"start":{"line":18,"column":6},"end":{"line":18,"column":57}},"10":{"start":{"line":20,"column":4},"end":{"line":22,"column":7}},"11":{"start":{"line":21,"column":6},"end":{"line":21,"column":64}},"12":{"start":{"line":23,"column":4},"end":{"line":25,"column":7}},"13":{"start":{"line":24,"column":4},"end":{"line":24,"column":82}}},"branchMap":{}},"/Users/dongxiaohuang/Documents/spring/Software Practice/group projects/test/cash.js":{"path":"/Users/dongxiaohuang/Documents/spring/Software Practice/group projects/test/cash.js","s":{"1":1,"2":1,"3":1,"4":3,"5":3,"6":3,"7":3,"8":36,"9":36,"10":12,"11":12,"12":14,"13":14,"14":3,"15":1},"b":{"1":[12,24]},"f":{"1":3},"fnMap":{"1":{"name":"(anonymous_1)","line":3,"loc":{"start":{"line":3,"column":14},"end":{"line":3,"column":48}}}},"statementMap":{"1":{"start":{"line":1,"column":0},"end":{"line":1,"column":11}},"2":{"start":{"line":2,"column":0},"end":{"line":2,"column":64}},"3":{"start":{"line":3,"column":0},"end":{"line":22,"column":2}},"4":{"start":{"line":5,"column":4},"end":{"line":5,"column":20}},"5":{"start":{"line":6,"column":4},"end":{"line":6,"column":32}},"6":{"start":{"line":7,"column":4},"end":{"line":7,"column":44}},"7":{"start":{"line":9,"column":4},"end":{"line":20,"column":5}},"8":{"start":{"line":10,"column":8},"end":{"line":10,"column":30}},"9":{"start":{"line":12,"column":8},"end":{"line":19,"column":9}},"10":{"start":{"line":13,"column":12},"end":{"line":13,"column":51}},"11":{"start":{"line":15,"column":12},"end":{"line":18,"column":13}},"12":{"start":{"line":16,"column":16},"end":{"line":16,"column":34}},"13":{"start":{"line":17,"column":16},"end":{"line":17,"column":45}},"14":{"start":{"line":21,"column":4},"end":{"line":21,"column":18}},"15":{"start":{"line":23,"column":0},"end":{"line":23,"column":19}}},"branchMap":{"1":{"line":12,"type":"if","locations":[{"start":{"line":12,"column":8},"end":{"line":12,"column":8}},{"start":{"line":12,"column":8},"end":{"line":12,"column":8}}]}}}}