{"/Users/dongxiaohuang/Documents/spring/Software Practice/group projects/test/istanbul_test.js":{"path":"/Users/dongxiaohuang/Documents/spring/Software Practice/group projects/test/istanbul_test.js","s":{"1":1,"2":1,"3":0,"4":0},"b":{"1":[0,1]},"f":{},"fnMap":{},"statementMap":{"1":{"start":{"line":1,"column":0},"end":{"line":1,"column":7}},"2":{"start":{"line":2,"column":0},"end":{"line":5,"column":1}},"3":{"start":{"line":3,"column":2},"end":{"line":3,"column":12}},"4":{"start":{"line":4,"column":2},"end":{"line":4,"column":11}}},"branchMap":{"1":{"line":2,"type":"if","locations":[{"start":{"line":2,"column":0},"end":{"line":2,"column":0}},{"start":{"line":2,"column":0},"end":{"line":2,"column":0}}]}}}}